<?xml version="1.0" encoding="UTF-8"?>
<testng-results ignored="0" total="1" passed="1" failed="0" skipped="0">
  <reporter-output>
  </reporter-output>
  <suite started-at="2022-08-22T20:23:13 IST" name="Default suite" finished-at="2022-08-22T20:23:27 IST" duration-ms="14402">
    <groups>
    </groups>
    <test started-at="2022-08-22T20:23:13 IST" name="Default test" finished-at="2022-08-22T20:23:27 IST" duration-ms="14402">
      <class name="testCases.RunTest5Day5">
        <test-method is-config="true" signature="muststep()[pri:0, instance:testCases.RunTest5Day5@67f639d3]" started-at="2022-08-22T20:23:13 IST" name="muststep" finished-at="2022-08-22T20:23:20 IST" duration-ms="6668" status="PASS">
          <reporter-output>
          </reporter-output>
        </test-method> <!-- muststep -->
        <test-method signature="Step1()[pri:0, instance:testCases.RunTest5Day5@67f639d3]" started-at="2022-08-22T20:23:20 IST" name="Step1" finished-at="2022-08-22T20:23:22 IST" duration-ms="2084" status="PASS">
          <reporter-output>
          </reporter-output>
        </test-method> <!-- Step1 -->
        <test-method is-config="true" signature="TearDown()[pri:0, instance:testCases.RunTest5Day5@67f639d3]" started-at="2022-08-22T20:23:22 IST" name="TearDown" finished-at="2022-08-22T20:23:27 IST" duration-ms="5632" status="PASS">
          <reporter-output>
          </reporter-output>
        </test-method> <!-- TearDown -->
      </class> <!-- testCases.RunTest5Day5 -->
    </test> <!-- Default test -->
  </suite> <!-- Default suite -->
</testng-results>
